{'fatalError': False,
 'maxTotalPoints': 6,
 'messages': [],
 'mode': 'auto',
 'parts': [{'description': 'basic test on hello world',
            'extraCredit': False,
            'maxPoints': 1,
            'maxSeconds': 1,
            'messages': [],
            'name': '3a-0',
            'points': 1,
            'seconds': 0},
           {'description': 'basic sanity check for learning correct weights on two training and testing examples each',
            'extraCredit': False,
            'maxPoints': 1,
            'maxSeconds': 1,
            'messages': [],
            'name': '3b-0',
            'points': 1,
            'seconds': 0},
           {'description': 'test classifier on polarity dev dataset',
            'extraCredit': False,
            'maxPoints': 1,
            'maxSeconds': 8,
            'messages': [],
            'name': '3b-1',
            'points': 1,
            'seconds': 4},
           {'description': 'test correct generation of random dataset labels',
            'extraCredit': False,
            'maxPoints': 1,
            'maxSeconds': 1,
            'messages': [],
            'name': '3c-0',
            'points': 1,
            'seconds': 0},
           {'description': 'test basic character n-gram features',
            'extraCredit': False,
            'maxPoints': 1,
            'maxSeconds': 1,
            'messages': [],
            'name': '3f-0',
            'points': 1,
            'seconds': 0},
           {'description': 'test basic k-means on hardcoded datapoints',
            'extraCredit': False,
            'maxPoints': 1,
            'maxSeconds': 1,
            'messages': ["Expected 'True', but got 'False'"],
            'name': '4b-0',
            'points': 0,
            'seconds': 0}],
 'totalPoints': 5}
