{'parts': [{'description': '',
            'extraCredit': False,
            'maxPoints': 4,
            'messages': ['?'],
            'name': '3d',
            'points': '?'},
           {'description': '',
            'extraCredit': False,
            'maxPoints': 3,
            'messages': ['?'],
            'name': '3e',
            'points': '?'},
           {'description': '',
            'extraCredit': False,
            'maxPoints': 3,
            'messages': ['?'],
            'name': '3g',
            'points': '?'},
           {'description': '',
            'extraCredit': True,
            'maxPoints': 5,
            'messages': ['?'],
            'name': '3h',
            'points': '?'},
           {'description': '',
            'extraCredit': False,
            'maxPoints': 5,
            'messages': ['?'],
            'name': '4a',
            'points': '?'},
           {'description': '',
            'extraCredit': False,
            'maxPoints': 5,
            'messages': ['?'],
            'name': '4c',
            'points': '?'}]}
